START:  Task faf76d3a-6b14-4e41-a601-173017590bba - Main


START:  Task e4614c4d-d7b1-496e-8196-23de70f7ad70 - Pouring coffee


FINISH: Task e4614c4d-d7b1-496e-8196-23de70f7ad70 - Pouring coffee took 00:00:00.0002277 to finish.   

        Coffee is ready

START:  Task cd94af59-3298-49d7-944c-6c5dc2f6c574 - Frying eggs task

        Warming the egg pan...
        Cracking 2 eggs
        Cooking the eggs ...
        Put eggs on plate
        Eggs are ready

FINISH: Task cd94af59-3298-49d7-944c-6c5dc2f6c574 - Frying eggs task took 00:00:30.0233023 to finish. 


START:  Task 9000c029-04b7-49bd-b28e-cd1f0e086390 - Frying bacon task

        Putting 3 slices of bacon in the pan
        Cooking first side of bacon...
        Flipping a slice of bacon
        Flipping a slice of bacon
        Flipping a slice of bacon
        Cooking the second side of bacon...
        Put bacon on plate
        Bacon is ready

FINISH: Task 9000c029-04b7-49bd-b28e-cd1f0e086390 - Frying bacon task took 00:00:30.0197430 to finish.


START:  Task 7ddab3cb-4a6a-46d3-a7c9-1c1f5d78ef10 - Toasting task

        Putting a slice of bread in the toaster
        Putting a slice of bread in the toaster
        Start toasting...
        Remove toast from toaster

START:  Task 57723c07-5a37-4e46-85be-38293d15fada - Putting butter on the toast


FINISH: Task 57723c07-5a37-4e46-85be-38293d15fada - Putting butter on the toast took 00:00:00.0001658 
to finish.


START:  Task 85625342-f75b-469f-baac-3d5f2733ab32 - Putting jam on the toast


FINISH: Task 85625342-f75b-469f-baac-3d5f2733ab32 - Putting jam on the toast took 00:00:00.0001177 to 
finish.

        Toast is ready

FINISH: Task 7ddab3cb-4a6a-46d3-a7c9-1c1f5d78ef10 - Toasting task took 00:00:15.0157363 to finish.    


START:  Task 6a6bb1b4-928c-4f6f-bff2-5e6168ba92f4 - Pouring orange juice


FINISH: Task 6a6bb1b4-928c-4f6f-bff2-5e6168ba92f4 - Pouring orange juice took 00:00:00.0003786 to finish.

        Orange juice is ready
        Breakfast is ready!

FINISH: Task faf76d3a-6b14-4e41-a601-173017590bba - Main took 00:01:15.0690828 to finish.